 <2> 13/10/2018 19:13:47.874     [Error  ] - [MgGui.dll] Apache.NMS.NMSException : 
   at com.magicsoftware.unipaas.util.ReflectionServices.InvokeMethod(MethodBase methodInfo, Object obj, Object[] parameters, Boolean alwaysGuiThread)
   at com.magicsoftware.unipaas.gui.low.GuiInteractiveBase.onReflectionInvoke()
   at com.magicsoftware.unipaas.gui.low.GuiInteractiveBase.Run()
Durable consumer is in use, Program: "#TSTO112_ApacheMQ_Subscriber".
 <2> 13/10/2018 19:13:47.889     [Error  ] - [MgGui.dll] 
   at System.Environment.GetStackTrace(Exception e, Boolean needFileInfo)
   at System.Environment.get_StackTrace()
   at com.magicsoftware.rte.CoreExecutor.WriteExceptionToLog(Int64 contextID, String msg)
   at com.magicsoftware.rte.GuiEventsProcessor.WriteExceptionToLog(String message)
   at com.magicsoftware.unipaas.Events.WriteExceptionToLog(String msg)
   at com.magicsoftware.unipaas.Events.WriteExceptionToLog(Exception ex)
   at com.magicsoftware.unipaas.gui.low.GuiInteractiveBase.Run()
   at System.RuntimeMethodHandle.InvokeMethod(Object target, Object[] arguments, Signature sig, Boolean constructor)
   at System.Reflection.RuntimeMethodInfo.UnsafeInvokeInternal(Object obj, Object[] parameters, Object[] arguments)
   at System.Delegate.DynamicInvokeImpl(Object[] args)
   at System.Windows.Forms.Control.InvokeMarshaledCallbackDo(ThreadMethodEntry tme)
   at System.Windows.Forms.Control.InvokeMarshaledCallbackHelper(Object obj)
   at System.Threading.ExecutionContext.RunInternal(ExecutionContext executionContext, ContextCallback callback, Object state, Boolean preserveSyncCtx)
   at System.Threading.ExecutionContext.Run(ExecutionContext executionContext, ContextCallback callback, Object state, Boolean preserveSyncCtx)
   at System.Threading.ExecutionContext.Run(ExecutionContext executionContext, ContextCallback callback, Object state)
   at System.Windows.Forms.Control.InvokeMarshaledCallback(ThreadMethodEntry tme)
   at System.Windows.Forms.Control.InvokeMarshaledCallbacks()
   at System.Windows.Forms.Control.WndProc(Message& m)
   at System.Windows.Forms.ScrollableControl.WndProc(Message& m)
   at System.Windows.Forms.Form.WndProc(Message& m)
   at System.Windows.Forms.Control.ControlNativeWindow.OnMessage(Message& m)
   at System.Windows.Forms.Control.ControlNativeWindow.WndProc(Message& m)
   at System.Windows.Forms.NativeWindow.Callback(IntPtr hWnd, Int32 msg, IntPtr wparam, IntPtr lparam)
   at System.Windows.Forms.UnsafeNativeMethods.DispatchMessageW(MSG& msg)
   at System.Windows.Forms.Application.ComponentManager.System.Windows.Forms.UnsafeNativeMethods.IMsoComponentManager.FPushMessageLoop(IntPtr dwComponentID, Int32 reason, Int32 pvLoopData)
   at System.Windows.Forms.Application.ThreadContext.RunMessageLoopInner(Int32 reason, ApplicationContext context)
   at System.Windows.Forms.Application.ThreadContext.RunMessageLoop(Int32 reason, ApplicationContext context)
   at com.magicsoftware.unipaas.gui.low.GUIMain.messageLoop()
   at com.magicsoftware.unipaas.Manager.MessageLoop()
   at com.magicsoftware.rte.RTEmanager.ExecuteMainThread(String args)
   at com.magicsoftware.rte.RTEmanager.Main(), Program: "#TSTO112_ApacheMQ_Subscriber".
 <2> 13/10/2018 19:13:47.900     [Error  ] - [MgGui.dll] DNObjectCollectionIsn: "7" Method: "DeleteDurableConsumer" Exception: "Apache.NMS.NMSException: Durable consumer is in use
   at com.magicsoftware.unipaas.util.ReflectionServices.InvokeMethod(MethodBase methodInfo, Object obj, Object[] parameters, Boolean alwaysGuiThread)
   at com.magicsoftware.unipaas.management.exp.GuiExpressionEvaluator.eval_op_dn_method(ExpVal resVal, ExpVal[] expParams)", Program: "#TSTO112_ApacheMQ_Subscriber".
 <2> 13/10/2018 19:13:47.915     [Error  ] - [MgGui.dll] 
   at System.Environment.GetStackTrace(Exception e, Boolean needFileInfo)
   at System.Environment.get_StackTrace()
   at com.magicsoftware.rte.CoreExecutor.WriteExceptionToLog(Int64 contextID, String msg)
   at com.magicsoftware.rte.GuiEventsProcessor.WriteExceptionToLog(String message)
   at com.magicsoftware.unipaas.Events.WriteExceptionToLog(String msg)
   at com.magicsoftware.unipaas.management.exp.GuiExpressionEvaluator.WriteDotnetExceptionToLog(Exception exception, Object obj, String opcode, String memberName)
   at com.magicsoftware.unipaas.management.exp.GuiExpressionEvaluator.eval_op_dn_method(ExpVal resVal, ExpVal[] expParams)
   at com.magicsoftware.rte.exp.RteExpressionEvaluator.EvaluateDotNetOperation(Int32 opcode, ManagedExpVal[] managedExpVals, ManagedExpVal& resManagedVal)
   at com.magicsoftware.rte.exp.RteExpressionEvaluator.EvaluateOpcode(TaskBase currTask, Int32 opcode, ManagedExpVal[] managedExpVals, ManagedExpVal& resultVal)
   at com.magicsoftware.rte.RteExecutor.EvaluateOpcode(Int32 taskID, Int32 opCode, IntPtr expVals, Int32 size, IntPtr& resVal)
   at RteExecutorEndpoint.InvokeEvaluateOpcode(Int32 taskID, Int32 opCode, IntPtr expVals, Int32 size, IntPtr& resVal)
   at RteExecutorBridge.EvaluateOpcode(RteExecutorBridge* , Int32 taskID, Int32 opCode, UnmanagedExpVal* expVals, Int32 size, UnmanagedExpVal* resVal), Program: "#TSTO112_ApacheMQ_Subscriber".
