HTTP/2 200 
cache-control: no-cache, must-revalidate
content-language: en
content-type: text/html; charset=utf-8
expires: Sun, 19 Nov 1978 05:00:00 GMT
server: nginx
set-cookie: SSESS447b6c0c400a30253c943d8c989f573f=5CH9Rag0I9_fW3jL2dnOA-0jf0P3sHsp4RqKWCX2-qQ; expires=Sat, 30-Jun-2018 05:35:14 GMT; Max-Age=2000000; path=/; domain=.magicsoftware.com; secure; HttpOnly
strict-transport-security: max-age=3600;includeSubDomains
x-content-type-options: nosniff
x-frame-options: SAMEORIGIN
x-generator: Drupal 7 (http://drupal.org)
x-pantheon-styx-hostname: styx-fe2-b9dcc897f-mp4jh
x-styx-req-id: styx-7f10dddad72c0fac68dc6d42193969cd
x-ua-compatible: IE=edge,chrome=1
via: 1.1 varnish
accept-ranges: bytes
date: Thu, 07 Jun 2018 02:01:54 GMT
via: 1.1 varnish
age: 0
x-served-by: cache-mdw17377-MDW, cache-hhn1528-HHN
x-cache: MISS, MISS
x-cache-hits: 0, 0
x-timer: S1528336914.751663,VS0,VE619
vary: Accept-Encoding, Cookie, Cookie

